<?xml version="1.0" encoding="utf-8"?><testsuites name="pytest tests"><testsuite name="pytest" errors="0" failures="14" skipped="0" tests="96" time="87.810" timestamp="2026-08-30T13:34:23.883775+05:30" hostname="Nanthish_S"><testcase classname="tests.test_cloud_uptime_and_reliability.TestCloudUptimeAndReliability" name="test_01_liveness_readiness_and_deep_health_probes" time="0.012"><failure message="AssertionError: 402 not greater than or equal to 1395">tests\test_cloud_uptime_and_reliability.py:37: in test_01_liveness_readiness_and_deep_health_probes
    self.assertGreaterEqual(telemetry["database"]["student_records"], 1395)
E   AssertionError: 402 not greater than or equal to 1395</failure></testcase><testcase classname="tests.test_cloud_uptime_and_reliability.TestCloudUptimeAndReliability" name="test_02_worker_heartbeat_and_staleness_detector" time="0.002" /><testcase classname="tests.test_cloud_uptime_and_reliability.TestCloudUptimeAndReliability" name="test_03_scheduler_heartbeat_and_timezone" time="0.002" /><testcase classname="tests.test_cloud_uptime_and_reliability.TestCloudUptimeAndReliability" name="test_04_crash_recovery_and_checkpoint_durability" time="0.597"><failure message="AssertionError: 402 not greater than or equal to 1395">tests\test_cloud_uptime_and_reliability.py:73: in test_04_crash_recovery_and_checkpoint_durability
    self.assertGreaterEqual(total, 1395)
E   AssertionError: 402 not greater than or equal to 1395</failure></testcase><testcase classname="tests.test_cloud_uptime_and_reliability.TestCloudUptimeAndReliability" name="test_05_database_wal_concurrency_and_busy_timeout" time="0.007" /><testcase classname="tests.test_contest_performance_report.TestContestPerformanceReport" name="test_department_and_year_filtering" time="0.393" /><testcase classname="tests.test_contest_performance_report.TestContestPerformanceReport" name="test_export_compatibility" time="0.395" /><testcase classname="tests.test_contest_performance_report.TestContestPerformanceReport" name="test_latest_contest_switching" time="0.033" /><testcase classname="tests.test_contest_performance_report.TestContestPerformanceReport" name="test_solve_distribution_and_student_statuses" time="0.113"><failure message="AssertionError: 'VIRTUAL_PRACTICE' != 'VIRTUAL_ATTENDED'&#10;- VIRTUAL_PRACTICE&#10;+ VIRTUAL_ATTENDED">tests\test_contest_performance_report.py:166: in test_solve_distribution_and_student_statuses
    self.assertEqual(s6_row["status"], "VIRTUAL_ATTENDED")
E   AssertionError: 'VIRTUAL_PRACTICE' != 'VIRTUAL_ATTENDED'
E   - VIRTUAL_PRACTICE
E   + VIRTUAL_ATTENDED</failure></testcase><testcase classname="tests.test_enterprise_forensic_reconciliation_engine" name="test_a_live_attendee_plus_later_practice" time="0.001" /><testcase classname="tests.test_enterprise_forensic_reconciliation_engine" name="test_b_non_live_authenticated_virtual" time="0.001" /><testcase classname="tests.test_enterprise_forensic_reconciliation_engine" name="test_c_non_live_practice_only" time="0.002" /><testcase classname="tests.test_enterprise_forensic_reconciliation_engine" name="test_d_non_live_auth_unavailable" time="0.001" /><testcase classname="tests.test_enterprise_forensic_reconciliation_engine" name="test_e_auth_checked_plus_no_evidence" time="0.001" /><testcase classname="tests.test_enterprise_forensic_reconciliation_engine" name="test_f_exact_virtual_screenshot_exact_username" time="0.002" /><testcase classname="tests.test_enterprise_forensic_reconciliation_engine" name="test_g_virtual_screenshot_without_username" time="0.001" /><testcase classname="tests.test_enterprise_forensic_reconciliation_engine" name="test_h_wrong_username_identity_mismatch" time="0.001" /><testcase classname="tests.test_enterprise_forensic_reconciliation_engine" name="test_i_contest_515_virtual_ignore" time="0.001" /><testcase classname="tests.test_enterprise_forensic_reconciliation_engine" name="test_j_contest_516_practice" time="0.001" /><testcase classname="tests.test_enterprise_forensic_reconciliation_engine" name="test_k_two_sum_ignore" time="0.001" /><testcase classname="tests.test_enterprise_forensic_reconciliation_engine" name="test_l_invalid_profile" time="0.001" /><testcase classname="tests.test_enterprise_forensic_reconciliation_engine" name="test_m_duplicate_screenshot_deduplicated" time="0.001" /><testcase classname="tests.test_enterprise_forensic_reconciliation_engine" name="test_n_unknown_contest" time="0.001" /><testcase classname="tests.test_enterprise_forensic_reconciliation_engine" name="test_o_unknown_problem_mapping" time="0.001" /><testcase classname="tests.test_enterprise_forensic_reconciliation_engine" name="test_p_auth_unavailable" time="0.001" /><testcase classname="tests.test_enterprise_forensic_reconciliation_engine" name="test_q_and_r_boundary_timestamps" time="0.001" /><testcase classname="tests.test_enterprise_forensic_reconciliation_engine" name="test_s_live_plus_virtual_evidence" time="0.001" /><testcase classname="tests.test_enterprise_forensic_reconciliation_engine" name="test_t_1450_roster_reconciliation_pass" time="0.019"><failure message="KeyError: 'total_roster'">tests\test_enterprise_forensic_reconciliation_engine.py:255: in test_t_1450_roster_reconciliation_pass
    assert res["total_roster"] == 1450
           ^^^^^^^^^^^^^^^^^^^
E   KeyError: 'total_roster'</failure></testcase><testcase classname="tests.test_fetch_persistence" name="test_scenario_a_persistence_after_completion_and_page_reload" time="0.310" /><testcase classname="tests.test_fetch_persistence" name="test_scenario_b_reconnect_to_running_job_without_duplicate" time="0.302"><failure message="KeyError: 'already_running'">tests\test_fetch_persistence.py:113: in test_scenario_b_reconnect_to_running_job_without_duplicate
    assert trigger_result["already_running"] is True
           ^^^^^^^^^^^^^^^^^^^^^^^^^^^^^^^^^
E   KeyError: 'already_running'</failure></testcase><testcase classname="tests.test_fetch_persistence" name="test_scenario_c_explicit_manual_refresh_creates_new_job" time="0.974" /><testcase classname="tests.test_final_10_10_production_certification.TestFinalProductionCertification" name="test_01_final_data_integrity_scan" time="0.014"><failure message="AssertionError: 402 not greater than or equal to 1395 : Authoritative population must be &gt;= 1,395.">tests\test_final_10_10_production_certification.py:39: in test_01_final_data_integrity_scan
    self.assertGreaterEqual(total_students, 1395, "Authoritative population must be &gt;= 1,395.")
E   AssertionError: 402 not greater than or equal to 1395 : Authoritative population must be &gt;= 1,395.</failure></testcase><testcase classname="tests.test_final_10_10_production_certification.TestFinalProductionCertification" name="test_02_department_cohort_verification" time="0.032"><failure message="AssertionError: 120 != 61 : II Year CSE(CS) count must be dynamically verified as 61.">tests\test_final_10_10_production_certification.py:62: in test_02_department_cohort_verification
    self.assertEqual(ii_cs_count, 61, "II Year CSE(CS) count must be dynamically verified as 61.")
E   AssertionError: 120 != 61 : II Year CSE(CS) count must be dynamically verified as 61.</failure></testcase><testcase classname="tests.test_final_10_10_production_certification.TestFinalProductionCertification" name="test_03_fifty_student_cross_check" time="0.184" /><testcase classname="tests.test_final_10_10_production_certification.TestFinalProductionCertification" name="test_04_ranking_determinism" time="0.067" /><testcase classname="tests.test_final_10_10_production_certification.TestFinalProductionCertification" name="test_05_backup_restore_and_checksum_verification" time="1.734"><failure message="AssertionError: 402 not greater than or equal to 1395 : Restored database must contain &gt;= 1,395 students.">tests\test_final_10_10_production_certification.py:123: in test_05_backup_restore_and_checksum_verification
    self.assertGreaterEqual(restored_count, 1395, "Restored database must contain &gt;= 1,395 students.")
E   AssertionError: 402 not greater than or equal to 1395 : Restored database must contain &gt;= 1,395 students.</failure></testcase><testcase classname="tests.test_final_10_10_production_certification.TestFinalProductionCertification" name="test_06_api_performance_benchmark" time="1.053" /><testcase classname="tests.test_final_release_gates" name="test_gate_1_parametrized_invariant[0]" time="1.313" /><testcase classname="tests.test_final_release_gates" name="test_gate_1_parametrized_invariant[1]" time="1.312" /><testcase classname="tests.test_final_release_gates" name="test_gate_1_parametrized_invariant[2]" time="1.364" /><testcase classname="tests.test_final_release_gates" name="test_gate_1_parametrized_invariant[10]" time="1.559" /><testcase classname="tests.test_final_release_gates" name="test_gate_1_parametrized_invariant[100]" time="2.658" /><testcase classname="tests.test_final_release_gates" name="test_gate_1_parametrized_invariant[302]" time="4.906" /><testcase classname="tests.test_final_release_gates" name="test_gate_1_parametrized_invariant[303]" time="5.465" /><testcase classname="tests.test_final_release_gates" name="test_gate_2_true_content_parity" time="2.645"><failure message="AttributeError: 'Workbook' object has no attribute 'get'">tests\test_final_release_gates.py:175: in test_gate_2_true_content_parity
    ws_perf = wb["Contest Performance"] if "Contest Performance" in sheet_names else wb.get("Student Performance", wb.worksheets[-1])
                                                                                     ^^^^^^
E   AttributeError: 'Workbook' object has no attribute 'get'</failure></testcase><testcase classname="tests.test_final_release_gates" name="test_gate_4_filtered_export_parity" time="1.744" /><testcase classname="tests.test_final_release_gates" name="test_gate_5_zero_mutation_read_only" time="2.219" /><testcase classname="tests.test_final_release_gates" name="test_gate_6_persistence_across_reconnect" time="2.158" /><testcase classname="tests.test_final_release_gates" name="test_gate_8_security_authorization" time="0.007" /><testcase classname="tests.test_institutional_autopilot_pipeline.TestInstitutionalAutopilotPipeline" name="test_01_concurrency_safe_faculty_1_to_20_assignment" time="0.052"><failure message="IndexError: list index out of range">tests\test_institutional_autopilot_pipeline.py:87: in test_01_concurrency_safe_faculty_1_to_20_assignment
    student_id=cse_students[i].id,
               ^^^^^^^^^^^^^^^
E   IndexError: list index out of range</failure></testcase><testcase classname="tests.test_institutional_autopilot_pipeline.TestInstitutionalAutopilotPipeline" name="test_02_zero_data_overlap_and_phase_1_lock" time="0.023"><failure message="AssertionError: 'NOT_ATTENDED' != 'PUBLIC_ATTENDED'&#10;- NOT_ATTENDED&#10;+ PUBLIC_ATTENDED">tests\test_institutional_autopilot_pipeline.py:175: in test_02_zero_data_overlap_and_phase_1_lock
    self.assertEqual(live_res.participation_status, "PUBLIC_ATTENDED")
E   AssertionError: 'NOT_ATTENDED' != 'PUBLIC_ATTENDED'
E   - NOT_ATTENDED
E   + PUBLIC_ATTENDED</failure></testcase><testcase classname="tests.test_institutional_autopilot_pipeline.TestInstitutionalAutopilotPipeline" name="test_03_meta_whatsapp_bulk_dispatch" time="0.006" /><testcase classname="tests.test_institutional_autopilot_pipeline.TestInstitutionalAutopilotPipeline" name="test_04_monday_executive_report_matrix_generation" time="14.559" /><testcase classname="tests.test_institutional_autopilot_pipeline.TestInstitutionalAutopilotPipeline" name="test_05_sunday_autopilot_full_lifecycle_simulation" time="19.360" /><testcase classname="tests.test_meta_webhook_production_setup" name="test_meta_webhook_production_setup" time="1.770"><failure message="assert 404 == 200&#10; +  where 404 = &lt;Response [404 Not Found]&gt;.status_code">tests\test_meta_webhook_production_setup.py:60: in test_meta_webhook_production_setup
    assert resp_handshake.status_code == 200
E   assert 404 == 200
E    +  where 404 = &lt;Response [404 Not Found]&gt;.status_code</failure></testcase><testcase classname="tests.test_reconciliation.TestReconciliation" name="test_full_roster_reconciliation" time="0.040"><failure message="AssertionError: 0 != 8">tests\test_reconciliation.py:102: in test_full_roster_reconciliation
    self.assertEqual(status_counts.get(ContestStatus.PENDING_USERNAME.value, 0), 8)
E   AssertionError: 0 != 8</failure></testcase><testcase classname="tests.test_sunday_contest_production_engine" name="test_gate_01_idempotent_session_creation" time="0.685" /><testcase classname="tests.test_sunday_contest_production_engine" name="test_gate_02_duplicate_scheduler_execution" time="1.228" /><testcase classname="tests.test_sunday_contest_production_engine" name="test_gate_03_server_restart_recovery" time="0.901" /><testcase classname="tests.test_sunday_contest_production_engine" name="test_gate_04_worker_recovery_handles_crashes" time="0.978" /><testcase classname="tests.test_sunday_contest_production_engine" name="test_gate_05_http_429_rate_limiting_handling" time="0.022" /><testcase classname="tests.test_sunday_contest_production_engine" name="test_gate_06_http_500_server_error_handling" time="0.010" /><testcase classname="tests.test_sunday_contest_production_engine" name="test_gate_07_http_503_service_unavailable" time="0.011" /><testcase classname="tests.test_sunday_contest_production_engine" name="test_gate_08_timeout_handling" time="0.010" /><testcase classname="tests.test_sunday_contest_production_engine" name="test_gate_09_malformed_graphql_response" time="0.022"><failure message="ValueError: Expecting value: line 1 column 1 (char 0)">tests\test_sunday_contest_production_engine.py:274: in test_gate_09_malformed_graphql_response
    row = classifier.classify_student_contest(
backend\services\contest_classifier.py:224: in classify_student_contest
    profile_data = self.api.validate_profile(raw_username)
                   ^^^^^^^^^^^^^^^^^^^^^^^^^^^^^^^^^^^^^^^
C:\Python314\Lib\unittest\mock.py:1176: in __call__
    return self._mock_call(*args, **kwargs)
           ^^^^^^^^^^^^^^^^^^^^^^^^^^^^^^^^
C:\Python314\Lib\unittest\mock.py:1180: in _mock_call
    return self._execute_mock_call(*args, **kwargs)
           ^^^^^^^^^^^^^^^^^^^^^^^^^^^^^^^^^^^^^^^^
C:\Python314\Lib\unittest\mock.py:1241: in _execute_mock_call
    raise effect
E   ValueError: Expecting value: line 1 column 1 (char 0)</failure></testcase><testcase classname="tests.test_sunday_contest_production_engine" name="test_gate_10_invalid_username_handling" time="0.005" /><testcase classname="tests.test_sunday_contest_production_engine" name="test_gate_11_missing_contest_handling" time="0.004" /><testcase classname="tests.test_sunday_contest_production_engine" name="test_gate_12_contest_evidence_validation" time="0.003" /><testcase classname="tests.test_sunday_contest_production_engine" name="test_gate_13_public_attended_validation" time="0.003" /><testcase classname="tests.test_sunday_contest_production_engine" name="test_gate_14_virtual_attended_validation" time="0.004" /><testcase classname="tests.test_sunday_contest_production_engine" name="test_gate_15_not_attended_validation" time="0.007" /><testcase classname="tests.test_sunday_contest_production_engine" name="test_gate_16_data_error_validation" time="0.008" /><testcase classname="tests.test_sunday_contest_production_engine" name="test_gate_17_state_machine_transitions" time="0.576" /><testcase classname="tests.test_sunday_contest_production_engine" name="test_gate_18_300_student_reconciliation_gate" time="2.013" /><testcase classname="tests.test_sunday_contest_production_engine" name="test_gate_19_cryptographic_integrity" time="0.004" /><testcase classname="tests.test_sunday_contest_production_engine" name="test_gate_20_certificate_forensic_isolation" time="0.397" /><testcase classname="tests.test_sunday_contest_production_engine" name="test_gate_21_no_fallback_for_invalid_certificate_ids" time="0.436" /><testcase classname="tests.test_sunday_contest_production_engine" name="test_gate_22_student_url_integrity" time="0.469" /><testcase classname="tests.test_sunday_contest_production_engine" name="test_gate_23_registration_number_uniqueness" time="0.576" /><testcase classname="tests.test_sunday_contest_production_engine" name="test_gate_24_username_uniqueness" time="0.536" /><testcase classname="tests.test_sunday_contest_production_engine" name="test_gate_25_contest_slug_integrity" time="0.006" /><testcase classname="tests.test_sunday_contest_production_engine" name="test_gate_26_contest_date_integrity" time="0.010" /><testcase classname="tests.test_sunday_contest_production_engine" name="test_gate_27_source_evidence_persistence" time="0.673" /><testcase classname="tests.test_sunday_contest_production_engine" name="test_gate_28_evidence_timestamp" time="0.507" /><testcase classname="tests.test_sunday_contest_production_engine" name="test_gate_29_per_student_audit_trail" time="0.506" /><testcase classname="tests.test_sunday_contest_production_engine" name="test_gate_30_zero_student_drop_guarantee" time="0.560" /><testcase classname="tests.test_sunday_contest_production_engine" name="test_gate_31_terminal_state_completeness" time="0.729" /><testcase classname="tests.test_sunday_contest_production_engine" name="test_gate_32_retry_safety" time="0.685" /><testcase classname="tests.test_sunday_contest_production_engine" name="test_gate_33_concurrent_worker_safety" time="0.779" /><testcase classname="tests.test_sunday_contest_production_engine" name="test_gate_34_database_transaction_integrity" time="0.736" /><testcase classname="tests.test_sunday_contest_production_engine" name="test_gate_35_snapshot_reproducibility" time="0.011" /><testcase classname="tests.test_sunday_contest_production_engine" name="test_gate_36_hash_reproducibility" time="0.002" /><testcase classname="tests.test_sunday_contest_production_engine" name="test_gate_37_tamper_detection" time="0.002" /><testcase classname="tests.test_sunday_contest_production_engine" name="test_gate_38_certificate_mapping_integrity" time="0.473" /><testcase classname="tests.test_sunday_contest_production_engine" name="test_gate_39_final_dashboard_reconciliation" time="0.733" /><testcase classname="tests.test_sunday_contest_production_engine" name="test_gate_40_end_to_end_production_verification" time="0.680" /></testsuite></testsuites>